<?xml version="1.0" encoding="UTF-8"?>
<testsuite xmlns:xsi="http://www.w3.org/2001/XMLSchema-instance" xsi:noNamespaceSchemaLocation="https://maven.apache.org/surefire/maven-surefire-plugin/xsd/surefire-test-report.xsd" name="com.qualitycontrol.model.SolverEquationWithFourDegreeImplTests" time="0.147" tests="14" errors="0" skipped="0" failures="0">
  <properties>
[...]
</properties>
  <testcase name="get_one_real_root_when_D_is_zero" classname="com.qualitycontrol.model.SolverEquationWithFourDegreeImplTests" time="0.009"/>
  <testcase name="get_four_real_roots" classname="com.qualitycontrol.model.SolverEquationWithFourDegreeImplTests" time="0"/>
  <testcase name="throws_an_exception_when_first_equals_to_zero" classname="com.qualitycontrol.model.SolverEquationWithFourDegreeImplTests" time="0.004"/>
  <testcase name="get_correct_result_when_first_argument_is_one_and_other_arguments_is_zero" classname="com.qualitycontrol.model.SolverEquationWithFourDegreeImplTests" time="0.001"/>
  <testcase name="throws_an_exception_when_equation_has_no_valid_roots" classname="com.qualitycontrol.model.SolverEquationWithFourDegreeImplTests" time="0"/>
  <testcase name="get_correct_result_when_first_argument_is_two_and_other_arguments_is_zero" classname="com.qualitycontrol.model.SolverEquationWithFourDegreeImplTests" time="0.007"/>
  <testcase name="get_two_real_roots" classname="com.qualitycontrol.model.SolverEquationWithFourDegreeImplTests" time="0"/>
  <testcase name="get_one_real_root" classname="com.qualitycontrol.model.SolverEquationWithFourDegreeImplTests" time="0"/>
  <testcase name="get_two_correct_real_roots_when_equation_have_two_real_solutions" classname="com.qualitycontrol.model.SolverEquationWithFourDegreeImplTests" time="0"/>
  <testcase name="get_two_real_roots_from_hard_equation" classname="com.qualitycontrol.model.SolverEquationWithFourDegreeImplTests" time="0"/>
  <testcase name="get_two_correct_real_root_when_d2_is_equal_zero" classname="com.qualitycontrol.model.SolverEquationWithFourDegreeImplTests" time="0"/>
  <testcase name="get_two_correct_real_roots" classname="com.qualitycontrol.model.SolverEquationWithFourDegreeImplTests" time="0"/>
  <testcase name="get_three_correct_real_roots" classname="com.qualitycontrol.model.SolverEquationWithFourDegreeImplTests" time="0"/>
  <testcase name="get_three_real_root" classname="com.qualitycontrol.model.SolverEquationWithFourDegreeImplTests" time="0"/>
</testsuite>